[INFO] [2021-02-01 08:58:16]  Run Start!!!
[INFO] [2021-02-01 08:58:25]  Run Start!!!
[INFO] [2021-02-01 08:59:21]  Run Start!!!
[INFO] [2021-02-01 08:59:21] send: LockScanResource
[INFO] [2021-02-01 08:59:21] status:  e_Success
[INFO] [2021-02-01 08:59:21] recv: LockScanResource
[INFO] [2021-02-01 08:59:21] status:  e_Success
[INFO] [2021-02-01 08:59:21] send: SetDefaultScanJobSettings
[INFO] [2021-02-01 08:59:21] status:  e_Success
[INFO] [2021-02-01 08:59:21] recv: SetDefaultScanJobSettings
[INFO] [2021-02-01 08:59:21] status:  e_Success
[INFO] [2021-02-01 08:59:21] send: GetScanJobSettings
[INFO] [2021-02-01 08:59:21] status:  e_Success
[INFO] [2021-02-01 08:59:21] recv: GetScanJobSettings
[INFO] [2021-02-01 08:59:21] status:  e_Success
[INFO] [2021-02-01 08:59:21] send: SetScanJobSettings
[INFO] [2021-02-01 08:59:21] status:  e_Success
[INFO] [2021-02-01 08:59:21] recv: SetScanJobSettings
[INFO] [2021-02-01 08:59:21] status:  e_Success
[INFO] [2021-02-01 08:59:21] send: StartScanJob
[INFO] [2021-02-01 08:59:21] status:  e_Success
[INFO] [2021-02-01 08:59:21] recv: StartScanJob
[INFO] [2021-02-01 08:59:21] status:  e_Success
[INFO] [2021-02-01 08:59:21] recv: StartJob
[INFO] [2021-02-01 08:59:21] status:  e_Success
[INFO] [2021-02-01 08:59:24] recv: StartSheet
[INFO] [2021-02-01 08:59:24] status:  e_Success
[INFO] [2021-02-01 08:59:24] recv: StartPage
[INFO] [2021-02-01 08:59:24] status:  e_Success
[INFO] [2021-02-01 08:59:32] recv: EndPage
[INFO] [2021-02-01 08:59:32] status:  e_Success
[INFO] [2021-02-01 08:59:32] recv: EndSheet
[INFO] [2021-02-01 08:59:32] status:  e_Success
[INFO] [2021-02-01 08:59:32] recv: EndJob
[INFO] [2021-02-01 08:59:32] status:  e_Success
[INFO] [2021-02-01 08:59:32] send: ReleaseScanResource
[INFO] [2021-02-01 08:59:32] status:  e_Success
[INFO] [2021-02-01 08:59:32] recv: ReleaseScanResource
[INFO] [2021-02-01 08:59:32] status:  e_Success
[INFO] [2021-02-01 09:00:22] send: LockScanResource
[INFO] [2021-02-01 09:00:22] status:  e_Success
[INFO] [2021-02-01 09:00:22] recv: LockScanResource
[INFO] [2021-02-01 09:00:22] status:  e_Success
[INFO] [2021-02-01 09:00:22] send: SetDefaultScanJobSettings
[INFO] [2021-02-01 09:00:22] status:  e_Success
[INFO] [2021-02-01 09:00:22] recv: SetDefaultScanJobSettings
[INFO] [2021-02-01 09:00:22] status:  e_Success
[INFO] [2021-02-01 09:00:22] send: GetScanJobSettings
[INFO] [2021-02-01 09:00:22] status:  e_Success
[INFO] [2021-02-01 09:00:23] recv: GetScanJobSettings
[INFO] [2021-02-01 09:00:23] status:  e_Success
[INFO] [2021-02-01 09:00:23] send: SetScanJobSettings
[INFO] [2021-02-01 09:00:23] status:  e_Success
[INFO] [2021-02-01 09:00:23] recv: SetScanJobSettings
[INFO] [2021-02-01 09:00:23] status:  e_Success
[INFO] [2021-02-01 09:00:23] send: StartScanJob
[INFO] [2021-02-01 09:00:23] status:  e_Success
[INFO] [2021-02-01 09:00:23] recv: StartScanJob
[INFO] [2021-02-01 09:00:23] status:  e_Success
[INFO] [2021-02-01 09:00:23] recv: StartJob
[INFO] [2021-02-01 09:00:23] status:  e_Success
[INFO] [2021-02-01 09:00:26] recv: StartSheet
[INFO] [2021-02-01 09:00:26] status:  e_Success
[INFO] [2021-02-01 09:00:26] recv: StartPage
[INFO] [2021-02-01 09:00:26] status:  e_Success
[INFO] [2021-02-01 09:00:33] recv: EndPage
[INFO] [2021-02-01 09:00:33] status:  e_Success
[INFO] [2021-02-01 09:00:33] recv: EndSheet
[INFO] [2021-02-01 09:00:33] status:  e_Success
[INFO] [2021-02-01 09:00:33] recv: EndJob
[INFO] [2021-02-01 09:00:33] status:  e_Success
[INFO] [2021-02-01 09:00:33] send: ReleaseScanResource
[INFO] [2021-02-01 09:00:33] status:  e_Success
[INFO] [2021-02-01 09:00:33] recv: ReleaseScanResource
[INFO] [2021-02-01 09:00:33] status:  e_Success
[INFO] [2021-02-01 09:00:38] send: LockScanResource
[INFO] [2021-02-01 09:00:38] status:  e_Success
[INFO] [2021-02-01 09:00:38] recv: LockScanResource
[ERROR] [2021-02-01 09:00:38] e_Busy
[ERROR] [2021-02-01 09:00:38] e_Busy 
[INFO] [2021-02-01 09:00:38] send: SetDefaultScanJobSettings
[INFO] [2021-02-01 09:00:38] status:  e_Success
[INFO] [2021-02-01 09:00:38] recv: SetDefaultScanJobSettings
[INFO] [2021-02-01 09:00:38] status:  e_Success
[INFO] [2021-02-01 09:00:38] send: GetScanJobSettings
[INFO] [2021-02-01 09:00:38] status:  e_Success
[INFO] [2021-02-01 09:00:38] recv: GetScanJobSettings
[INFO] [2021-02-01 09:00:38] status:  e_Success
[INFO] [2021-02-01 09:00:38] send: SetScanJobSettings
[INFO] [2021-02-01 09:00:38] status:  e_Success
[INFO] [2021-02-01 09:00:39] recv: SetScanJobSettings
[ERROR] [2021-02-01 09:00:39] e_Fail
[INFO] [2021-02-01 09:00:39] send: StartScanJob
[INFO] [2021-02-01 09:00:39] status:  e_Success
[INFO] [2021-02-01 09:00:39] recv: StartScanJob
[INFO] [2021-02-01 09:00:39] status:  e_Success
[INFO] [2021-02-01 09:00:39] recv: Abortscanjob
[INFO] [2021-02-01 09:00:39] status:  e_Success
[INFO] [2021-02-01 09:18:39]  Run Start!!!
[INFO] [2021-02-01 09:18:39] send: LockScanResource
[INFO] [2021-02-01 09:18:39] status:  e_Success
[INFO] [2021-02-01 09:18:39] recv: LockScanResource
[INFO] [2021-02-01 09:18:39] status:  e_Success
[INFO] [2021-02-01 09:18:39] send: SetDefaultScanJobSettings
[INFO] [2021-02-01 09:18:39] status:  e_Success
[INFO] [2021-02-01 09:18:40] recv: SetDefaultScanJobSettings
[INFO] [2021-02-01 09:18:40] status:  e_Success
[INFO] [2021-02-01 09:18:40] send: GetScanJobSettings
[INFO] [2021-02-01 09:18:40] status:  e_Success
[INFO] [2021-02-01 09:18:40] recv: GetScanJobSettings
[INFO] [2021-02-01 09:18:40] status:  e_Success
[INFO] [2021-02-01 09:18:40] send: SetScanJobSettings
[INFO] [2021-02-01 09:18:40] status:  e_Success
[INFO] [2021-02-01 09:18:40] recv: SetScanJobSettings
[INFO] [2021-02-01 09:18:40] status:  e_Success
[INFO] [2021-02-01 09:18:40] send: StartScanJob
[INFO] [2021-02-01 09:18:40] status:  e_Success
[INFO] [2021-02-01 09:18:40] recv: StartScanJob
[INFO] [2021-02-01 09:18:40] status:  e_Success
[INFO] [2021-02-01 09:18:40] recv: StartJob
[INFO] [2021-02-01 09:18:40] status:  e_Success
[INFO] [2021-02-01 09:18:43] recv: StartSheet
[INFO] [2021-02-01 09:18:43] status:  e_Success
[INFO] [2021-02-01 09:18:43] recv: StartPage
[INFO] [2021-02-01 09:18:43] status:  e_Success
[INFO] [2021-02-01 09:18:50] recv: EndPage
[INFO] [2021-02-01 09:18:50] status:  e_Success
[INFO] [2021-02-01 09:18:50] recv: EndSheet
[INFO] [2021-02-01 09:18:50] status:  e_Success
[INFO] [2021-02-01 09:18:50] recv: EndJob
[INFO] [2021-02-01 09:18:50] status:  e_Success
[INFO] [2021-02-01 09:18:50] send: ReleaseScanResource
[INFO] [2021-02-01 09:18:50] status:  e_Success
[INFO] [2021-02-01 09:18:50] recv: ReleaseScanResource
[INFO] [2021-02-01 09:18:50] status:  e_Success
[INFO] [2021-02-01 09:18:58] send: LockScanResource
[INFO] [2021-02-01 09:18:58] status:  e_Success
[INFO] [2021-02-01 09:18:58] recv: LockScanResource
[INFO] [2021-02-01 09:18:58] status:  e_Success
[INFO] [2021-02-01 09:18:58] send: SetDefaultScanJobSettings
[INFO] [2021-02-01 09:18:58] status:  e_Success
[INFO] [2021-02-01 09:18:58] recv: SetDefaultScanJobSettings
[INFO] [2021-02-01 09:18:58] status:  e_Success
[INFO] [2021-02-01 09:18:58] send: GetScanJobSettings
[INFO] [2021-02-01 09:18:58] status:  e_Success
[INFO] [2021-02-01 09:18:58] recv: GetScanJobSettings
[INFO] [2021-02-01 09:18:58] status:  e_Success
[INFO] [2021-02-01 09:18:58] send: SetScanJobSettings
[INFO] [2021-02-01 09:18:58] status:  e_Success
[INFO] [2021-02-01 09:18:59] recv: SetScanJobSettings
[INFO] [2021-02-01 09:18:59] status:  e_Success
[INFO] [2021-02-01 09:18:59] send: StartScanJob
[INFO] [2021-02-01 09:18:59] status:  e_Success
[INFO] [2021-02-01 09:18:59] recv: StartScanJob
[INFO] [2021-02-01 09:18:59] status:  e_Success
[INFO] [2021-02-01 09:18:59] recv: StartJob
[INFO] [2021-02-01 09:18:59] status:  e_Success
[INFO] [2021-02-01 09:19:02] recv: StartSheet
[INFO] [2021-02-01 09:19:02] status:  e_Success
[INFO] [2021-02-01 09:19:02] recv: StartPage
[INFO] [2021-02-01 09:19:02] status:  e_Success
[INFO] [2021-02-01 09:19:03] recv: Abortscanjob
[INFO] [2021-02-01 09:19:03] send: ReleaseScanResource
[INFO] [2021-02-01 09:19:03] status:  e_Success
[INFO] [2021-02-01 09:19:04] scan job end... 
[INFO] [2021-02-01 09:19:04] Thread exited, id : 2004870912
[INFO] [2021-02-01 09:19:42] send: LockScanResource
[INFO] [2021-02-01 09:19:42] status:  e_Success
[INFO] [2021-02-01 09:19:42] recv: ReleaseScanResource
[INFO] [2021-02-01 09:19:42] status:  e_Success
[INFO] [2021-02-01 09:19:42] send: SetDefaultScanJobSettings
[INFO] [2021-02-01 09:19:42] status:  e_Success
[INFO] [2021-02-01 09:19:42] recv: LockScanResource
[INFO] [2021-02-01 09:19:42] status:  e_Success
[INFO] [2021-02-01 09:19:42] send: GetScanJobSettings
[INFO] [2021-02-01 09:19:42] status:  e_Success
[INFO] [2021-02-01 09:19:42] recv: SetDefaultScanJobSettings
[INFO] [2021-02-01 09:19:42] status:  e_Success
[INFO] [2021-02-01 09:19:42] recv: GetScanJobSettings
[INFO] [2021-02-01 09:19:42] status:  e_Success
[INFO] [2021-02-01 09:19:42] send: SetScanJobSettings
[INFO] [2021-02-01 09:19:42] status:  e_Success
[INFO] [2021-02-01 09:19:42] send: GetScanJobSettings
[INFO] [2021-02-01 09:19:42] status:  e_Success
[INFO] [2021-02-01 09:19:42] send: StartScanJob
[INFO] [2021-02-01 09:19:42] status:  e_Success
[DEBUG] [2021-02-01 09:19:49] debuging::::
[INFO] [2021-02-01 09:23:19]  Run Start!!!
[INFO] [2021-02-01 09:23:19] send: LockScanResource
[INFO] [2021-02-01 09:23:19] status:  e_Success
[INFO] [2021-02-01 09:23:19] recv: LockScanResource
[INFO] [2021-02-01 09:23:19] status:  e_Success
[INFO] [2021-02-01 09:23:19] send: SetDefaultScanJobSettings
[INFO] [2021-02-01 09:23:19] status:  e_Success
[INFO] [2021-02-01 09:23:19] recv: SetDefaultScanJobSettings
[INFO] [2021-02-01 09:23:19] status:  e_Success
[INFO] [2021-02-01 09:23:19] send: GetScanJobSettings
[INFO] [2021-02-01 09:23:19] status:  e_Success
[INFO] [2021-02-01 09:23:20] recv: GetScanJobSettings
[INFO] [2021-02-01 09:23:20] status:  e_Success
[INFO] [2021-02-01 09:23:20] send: SetScanJobSettings
[INFO] [2021-02-01 09:23:20] status:  e_Success
[INFO] [2021-02-01 09:23:20] recv: SetScanJobSettings
[INFO] [2021-02-01 09:23:20] status:  e_Success
[INFO] [2021-02-01 09:23:20] send: StartScanJob
[INFO] [2021-02-01 09:23:20] status:  e_Success
[INFO] [2021-02-01 09:23:20] recv: StartScanJob
[INFO] [2021-02-01 09:23:20] status:  e_Success
[INFO] [2021-02-01 09:23:20] recv: StartJob
[INFO] [2021-02-01 09:23:20] status:  e_Success
[INFO] [2021-02-01 09:23:23] recv: StartSheet
[INFO] [2021-02-01 09:23:23] status:  e_Success
[INFO] [2021-02-01 09:23:23] recv: StartPage
[INFO] [2021-02-01 09:23:23] status:  e_Success
[INFO] [2021-02-01 09:23:23] recv: Abortscanjob
[INFO] [2021-02-01 09:23:23] send: ReleaseScanResource
[INFO] [2021-02-01 09:23:23] status:  e_Success
[INFO] [2021-02-01 09:23:29] recv: ReleaseScanResource
[INFO] [2021-02-01 09:23:29] status:  e_Success
[INFO] [2021-02-01 09:23:29] scan job end... 
[INFO] [2021-02-01 09:23:29] Thread exited, id : 48969472
[INFO] [2021-02-01 09:23:39] send: LockScanResource
[INFO] [2021-02-01 09:23:39] status:  e_Success
[INFO] [2021-02-01 09:23:39] recv: LockScanResource
[INFO] [2021-02-01 09:23:39] status:  e_Success
[INFO] [2021-02-01 09:23:39] send: SetDefaultScanJobSettings
[INFO] [2021-02-01 09:23:39] status:  e_Success
[INFO] [2021-02-01 09:23:39] recv: SetDefaultScanJobSettings
[INFO] [2021-02-01 09:23:39] status:  e_Success
[INFO] [2021-02-01 09:23:39] send: GetScanJobSettings
[INFO] [2021-02-01 09:23:39] status:  e_Success
[INFO] [2021-02-01 09:23:39] recv: GetScanJobSettings
[INFO] [2021-02-01 09:23:39] status:  e_Success
[INFO] [2021-02-01 09:23:39] send: SetScanJobSettings
[INFO] [2021-02-01 09:23:39] status:  e_Success
[INFO] [2021-02-01 09:23:39] recv: SetScanJobSettings
[INFO] [2021-02-01 09:23:39] status:  e_Success
[INFO] [2021-02-01 09:23:39] send: StartScanJob
[INFO] [2021-02-01 09:23:39] status:  e_Success
[INFO] [2021-02-01 09:23:39] recv: StartScanJob
[INFO] [2021-02-01 09:23:39] status:  e_Success
[INFO] [2021-02-01 09:23:39] recv: StartJob
[INFO] [2021-02-01 09:23:39] status:  e_Success
[INFO] [2021-02-01 09:23:42] recv: StartSheet
[INFO] [2021-02-01 09:23:42] status:  e_Success
[INFO] [2021-02-01 09:23:42] recv: StartPage
[INFO] [2021-02-01 09:23:42] status:  e_Success
[INFO] [2021-02-01 09:23:50] recv: EndPage
[INFO] [2021-02-01 09:23:50] status:  e_Success
[INFO] [2021-02-01 09:23:50] recv: EndSheet
[INFO] [2021-02-01 09:23:50] status:  e_Success
[INFO] [2021-02-01 09:23:50] recv: EndJob
[INFO] [2021-02-01 09:23:50] status:  e_Success
[INFO] [2021-02-01 09:23:50] send: ReleaseScanResource
[INFO] [2021-02-01 09:23:50] status:  e_Success
[INFO] [2021-02-01 09:23:50] recv: ReleaseScanResource
[INFO] [2021-02-01 09:23:50] status:  e_Success
[INFO] [2021-02-01 09:47:43]  Run Start!!!
[INFO] [2021-02-01 09:47:43] send: LockScanResource
[INFO] [2021-02-01 09:47:43] status:  e_Success
[INFO] [2021-02-01 09:47:43] recv: LockScanResource
[INFO] [2021-02-01 09:47:43] status:  e_Success
[INFO] [2021-02-01 09:47:43] send: SetDefaultScanJobSettings
[INFO] [2021-02-01 09:47:43] status:  e_Success
[INFO] [2021-02-01 09:47:43] recv: SetDefaultScanJobSettings
[INFO] [2021-02-01 09:47:43] status:  e_Success
[INFO] [2021-02-01 09:47:43] send: GetScanJobSettings
[INFO] [2021-02-01 09:47:43] status:  e_Success
[INFO] [2021-02-01 09:47:44] recv: GetScanJobSettings
[INFO] [2021-02-01 09:47:44] status:  e_Success
[INFO] [2021-02-01 09:47:44] send: SetScanJobSettings
[INFO] [2021-02-01 09:47:44] status:  e_Success
[INFO] [2021-02-01 09:47:44] recv: SetScanJobSettings
[INFO] [2021-02-01 09:47:44] status:  e_Success
[INFO] [2021-02-01 09:47:44] send: StartScanJob
[INFO] [2021-02-01 09:47:44] status:  e_Success
[INFO] [2021-02-01 09:47:44] recv: StartScanJob
[INFO] [2021-02-01 09:47:44] status:  e_Success
[INFO] [2021-02-01 09:47:44] recv: StartJob
[INFO] [2021-02-01 09:47:44] status:  e_Success
[INFO] [2021-02-01 09:47:47] recv: StartSheet
[INFO] [2021-02-01 09:47:47] status:  e_Success
[INFO] [2021-02-01 09:47:47] recv: StartPage
[INFO] [2021-02-01 09:47:47] status:  e_Success
[INFO] [2021-02-01 09:47:54] recv: EndPage
[INFO] [2021-02-01 09:47:54] status:  e_Success
[INFO] [2021-02-01 09:47:54] recv: EndSheet
[INFO] [2021-02-01 09:47:54] status:  e_Success
[INFO] [2021-02-01 09:47:54] recv: EndJob
[INFO] [2021-02-01 09:47:54] status:  e_Success
[INFO] [2021-02-01 09:47:54] send: ReleaseScanResource
[INFO] [2021-02-01 09:47:54] status:  e_Success
[INFO] [2021-02-01 09:47:54] recv: ReleaseScanResource
[INFO] [2021-02-01 09:47:54] status:  e_Success
[INFO] [2021-02-01 09:48:00] send: LockScanResource
[INFO] [2021-02-01 09:48:00] status:  e_Success
[INFO] [2021-02-01 09:48:00] recv: LockScanResource
[INFO] [2021-02-01 09:48:00] status:  e_Success
[INFO] [2021-02-01 09:48:00] send: SetDefaultScanJobSettings
[INFO] [2021-02-01 09:48:00] status:  e_Success
[INFO] [2021-02-01 09:48:00] recv: SetDefaultScanJobSettings
[INFO] [2021-02-01 09:48:00] status:  e_Success
[INFO] [2021-02-01 09:48:00] send: GetScanJobSettings
[INFO] [2021-02-01 09:48:00] status:  e_Success
[INFO] [2021-02-01 09:48:00] recv: GetScanJobSettings
[INFO] [2021-02-01 09:48:00] status:  e_Success
[INFO] [2021-02-01 09:48:00] send: SetScanJobSettings
[INFO] [2021-02-01 09:48:00] status:  e_Success
[INFO] [2021-02-01 09:48:00] recv: SetScanJobSettings
[INFO] [2021-02-01 09:48:00] status:  e_Success
[INFO] [2021-02-01 09:48:00] send: StartScanJob
[INFO] [2021-02-01 09:48:00] status:  e_Success
[INFO] [2021-02-01 09:48:01] recv: StartScanJob
[INFO] [2021-02-01 09:48:01] status:  e_Success
[INFO] [2021-02-01 09:48:01] recv: StartJob
[INFO] [2021-02-01 09:48:01] status:  e_Success
[INFO] [2021-02-01 09:48:02] recv: Abortscanjob
[INFO] [2021-02-01 09:48:02] send: ReleaseScanResource
[INFO] [2021-02-01 09:48:02] status:  e_Success
[INFO] [2021-02-01 09:48:08] recv: ReleaseScanResource
[INFO] [2021-02-01 09:48:08] status:  e_Success
[INFO] [2021-02-01 09:48:08] scan job end... 
[INFO] [2021-02-01 09:48:08] Thread exited, id : 1329477376
[INFO] [2021-02-01 09:48:19] send: LockScanResource
[INFO] [2021-02-01 09:48:19] status:  e_Success
[INFO] [2021-02-01 09:48:19] recv: LockScanResource
[INFO] [2021-02-01 09:48:19] status:  e_Success
[INFO] [2021-02-01 09:48:19] send: SetDefaultScanJobSettings
[INFO] [2021-02-01 09:48:19] status:  e_Success
[INFO] [2021-02-01 09:48:19] recv: SetDefaultScanJobSettings
[INFO] [2021-02-01 09:48:19] status:  e_Success
[INFO] [2021-02-01 09:48:19] send: GetScanJobSettings
[INFO] [2021-02-01 09:48:19] status:  e_Success
[INFO] [2021-02-01 09:48:19] recv: GetScanJobSettings
[INFO] [2021-02-01 09:48:19] status:  e_Success
[INFO] [2021-02-01 09:48:19] send: SetScanJobSettings
[INFO] [2021-02-01 09:48:19] status:  e_Success
[INFO] [2021-02-01 09:48:20] recv: SetScanJobSettings
[INFO] [2021-02-01 09:48:20] status:  e_Success
[INFO] [2021-02-01 09:48:20] send: StartScanJob
[INFO] [2021-02-01 09:48:20] status:  e_Success
[INFO] [2021-02-01 09:48:20] recv: StartScanJob
[INFO] [2021-02-01 09:48:20] status:  e_Success
[INFO] [2021-02-01 09:48:20] recv: StartJob
[INFO] [2021-02-01 09:48:20] status:  e_Success
[INFO] [2021-02-01 09:48:23] recv: StartSheet
[INFO] [2021-02-01 09:48:23] status:  e_Success
[INFO] [2021-02-01 09:48:23] recv: StartPage
[INFO] [2021-02-01 09:48:23] status:  e_Success
[INFO] [2021-02-01 09:48:30] recv: EndPage
[INFO] [2021-02-01 09:48:30] status:  e_Success
[INFO] [2021-02-01 09:48:30] recv: EndSheet
[INFO] [2021-02-01 09:48:30] status:  e_Success
[INFO] [2021-02-01 09:48:30] recv: EndJob
[INFO] [2021-02-01 09:48:30] status:  e_Success
[INFO] [2021-02-01 09:48:30] send: ReleaseScanResource
[INFO] [2021-02-01 09:48:30] status:  e_Success
[INFO] [2021-02-01 09:48:30] recv: ReleaseScanResource
[INFO] [2021-02-01 09:48:30] status:  e_Success
[INFO] [2021-02-01 09:53:43]  Run Start!!!
[INFO] [2021-02-01 09:53:43] send: LockScanResource
[INFO] [2021-02-01 09:53:43] status:  e_Success
[INFO] [2021-02-01 09:53:43] recv: LockScanResource
[INFO] [2021-02-01 09:53:43] status:  e_Success
[INFO] [2021-02-01 09:53:43] send: SetDefaultScanJobSettings
[INFO] [2021-02-01 09:53:43] status:  e_Success
[INFO] [2021-02-01 09:53:43] recv: SetDefaultScanJobSettings
[INFO] [2021-02-01 09:53:43] status:  e_Success
[INFO] [2021-02-01 09:53:43] send: GetScanJobSettings
[INFO] [2021-02-01 09:53:43] status:  e_Success
[INFO] [2021-02-01 09:53:43] recv: GetScanJobSettings
[INFO] [2021-02-01 09:53:43] status:  e_Success
[INFO] [2021-02-01 09:53:43] send: SetScanJobSettings
[INFO] [2021-02-01 09:53:43] status:  e_Success
[INFO] [2021-02-01 09:53:43] recv: SetScanJobSettings
[INFO] [2021-02-01 09:53:43] status:  e_Success
[INFO] [2021-02-01 09:53:43] send: StartScanJob
[INFO] [2021-02-01 09:53:43] status:  e_Success
[INFO] [2021-02-01 09:53:43] recv: StartScanJob
[INFO] [2021-02-01 09:53:43] status:  e_Success
[INFO] [2021-02-01 09:53:43] recv: StartJob
[INFO] [2021-02-01 09:53:43] status:  e_Success
[INFO] [2021-02-01 09:53:46] recv: StartSheet
[INFO] [2021-02-01 09:53:46] status:  e_Success
[INFO] [2021-02-01 09:53:46] recv: StartPage
[INFO] [2021-02-01 09:53:46] status:  e_Success
[INFO] [2021-02-01 09:53:54] recv: EndPage
[INFO] [2021-02-01 09:53:54] status:  e_Success
[INFO] [2021-02-01 09:53:54] recv: EndSheet
[INFO] [2021-02-01 09:53:54] status:  e_Success
[INFO] [2021-02-01 09:53:54] recv: EndJob
[INFO] [2021-02-01 09:53:54] status:  e_Success
[INFO] [2021-02-01 09:53:54] send: ReleaseScanResource
[INFO] [2021-02-01 09:53:54] status:  e_Success
[INFO] [2021-02-01 09:53:54] recv: ReleaseScanResource
[INFO] [2021-02-01 09:53:54] status:  e_Success
[INFO] [2021-02-01 09:54:12] send: LockScanResource
[INFO] [2021-02-01 09:54:12] status:  e_Success
[INFO] [2021-02-01 09:54:12] recv: LockScanResource
[INFO] [2021-02-01 09:54:12] status:  e_Success
[INFO] [2021-02-01 09:54:12] send: SetDefaultScanJobSettings
[INFO] [2021-02-01 09:54:12] status:  e_Success
[INFO] [2021-02-01 09:54:12] recv: SetDefaultScanJobSettings
[INFO] [2021-02-01 09:54:12] status:  e_Success
[INFO] [2021-02-01 09:54:12] send: GetScanJobSettings
[INFO] [2021-02-01 09:54:12] status:  e_Success
[INFO] [2021-02-01 09:54:12] recv: GetScanJobSettings
[INFO] [2021-02-01 09:54:12] status:  e_Success
[INFO] [2021-02-01 09:54:12] send: SetScanJobSettings
[INFO] [2021-02-01 09:54:12] status:  e_Success
[INFO] [2021-02-01 09:54:12] recv: SetScanJobSettings
[INFO] [2021-02-01 09:54:12] status:  e_Success
[INFO] [2021-02-01 09:54:12] send: StartScanJob
[INFO] [2021-02-01 09:54:12] status:  e_Success
[INFO] [2021-02-01 09:54:12] recv: StartScanJob
[INFO] [2021-02-01 09:54:12] status:  e_Success
[INFO] [2021-02-01 09:54:12] recv: StartJob
[INFO] [2021-02-01 09:54:12] status:  e_Success
[INFO] [2021-02-01 09:54:15] recv: StartSheet
[INFO] [2021-02-01 09:54:15] status:  e_Success
[INFO] [2021-02-01 09:54:15] recv: StartPage
[INFO] [2021-02-01 09:54:15] status:  e_Success
[INFO] [2021-02-01 09:54:16] recv: Abortscanjob
[INFO] [2021-02-01 09:54:16] send: ReleaseScanResource
[INFO] [2021-02-01 09:54:16] status:  e_Success
[INFO] [2021-02-01 09:54:21] recv: ReleaseScanResource
[INFO] [2021-02-01 09:54:21] status:  e_Success
[INFO] [2021-02-01 09:54:21] scan job end... 
[INFO] [2021-02-01 09:54:21] Thread exited, id : -738199808
[INFO] [2021-02-01 09:54:24] send: LockScanResource
[INFO] [2021-02-01 09:54:24] status:  e_Success
[INFO] [2021-02-01 09:54:24] recv: LockScanResource
[INFO] [2021-02-01 09:54:24] status:  e_Success
[INFO] [2021-02-01 09:54:24] send: SetDefaultScanJobSettings
[INFO] [2021-02-01 09:54:24] status:  e_Success
[INFO] [2021-02-01 09:54:24] recv: SetDefaultScanJobSettings
[INFO] [2021-02-01 09:54:24] status:  e_Success
[INFO] [2021-02-01 09:54:24] send: GetScanJobSettings
[INFO] [2021-02-01 09:54:24] status:  e_Success
[INFO] [2021-02-01 09:54:24] recv: GetScanJobSettings
[INFO] [2021-02-01 09:54:24] status:  e_Success
[INFO] [2021-02-01 09:54:24] send: SetScanJobSettings
[INFO] [2021-02-01 09:54:24] status:  e_Success
[INFO] [2021-02-01 09:54:24] recv: SetScanJobSettings
[INFO] [2021-02-01 09:54:24] status:  e_Success
[INFO] [2021-02-01 09:54:24] send: StartScanJob
[INFO] [2021-02-01 09:54:24] status:  e_Success
[INFO] [2021-02-01 09:54:24] recv: StartScanJob
[INFO] [2021-02-01 09:54:24] status:  e_Success
[INFO] [2021-02-01 09:54:24] recv: StartJob
[INFO] [2021-02-01 09:54:24] status:  e_Success
[INFO] [2021-02-01 09:54:27] recv: StartSheet
[INFO] [2021-02-01 09:54:27] status:  e_Success
[INFO] [2021-02-01 09:54:27] recv: StartPage
[INFO] [2021-02-01 09:54:27] status:  e_Success
[INFO] [2021-02-01 09:54:35] recv: EndPage
[INFO] [2021-02-01 09:54:35] status:  e_Success
[INFO] [2021-02-01 09:54:35] recv: EndSheet
[INFO] [2021-02-01 09:54:35] status:  e_Success
[INFO] [2021-02-01 09:54:35] recv: EndJob
[INFO] [2021-02-01 09:54:35] status:  e_Success
[INFO] [2021-02-01 09:54:35] send: ReleaseScanResource
[INFO] [2021-02-01 09:54:35] status:  e_Success
[INFO] [2021-02-01 09:54:35] recv: ReleaseScanResource
[INFO] [2021-02-01 09:54:35] status:  e_Success
[INFO] [2021-02-01 09:58:19] send: LockScanResource
[INFO] [2021-02-01 09:58:19] status:  e_Success
[INFO] [2021-02-01 09:58:19] recv: LockScanResource
[INFO] [2021-02-01 09:58:19] status:  e_Success
[INFO] [2021-02-01 09:58:19] send: SetDefaultScanJobSettings
[INFO] [2021-02-01 09:58:19] status:  e_Success
[INFO] [2021-02-01 09:58:19] recv: SetDefaultScanJobSettings
[INFO] [2021-02-01 09:58:19] status:  e_Success
[INFO] [2021-02-01 09:58:19] send: GetScanJobSettings
[INFO] [2021-02-01 09:58:19] status:  e_Success
[INFO] [2021-02-01 09:58:19] recv: GetScanJobSettings
[INFO] [2021-02-01 09:58:19] status:  e_Success
[INFO] [2021-02-01 09:58:19] send: SetScanJobSettings
[INFO] [2021-02-01 09:58:19] status:  e_Success
[INFO] [2021-02-01 09:58:19] recv: SetScanJobSettings
[INFO] [2021-02-01 09:58:19] status:  e_Success
[INFO] [2021-02-01 09:58:19] send: StartScanJob
[INFO] [2021-02-01 09:58:19] status:  e_Success
[INFO] [2021-02-01 09:58:19] recv: StartScanJob
[INFO] [2021-02-01 09:58:19] status:  e_Success
[INFO] [2021-02-01 09:58:19] recv: StartJob
[INFO] [2021-02-01 09:58:19] status:  e_Success
[INFO] [2021-02-01 09:58:21] Thread exited, id : -754985216
[INFO] [2021-02-01 09:58:21] send: CancelScanJob
[INFO] [2021-02-01 09:58:21] status:  e_Success
[INFO] [2021-02-01 09:58:21] recv: Abortscanjob
[INFO] [2021-02-01 09:58:21] send: ReleaseScanResource
[INFO] [2021-02-01 09:58:21] status:  e_Success
[INFO] [2021-02-01 09:58:27] recv: ReleaseScanResource
[INFO] [2021-02-01 09:58:27] status:  e_Success
[INFO] [2021-02-01 10:08:36]  Run Start!!!
[INFO] [2021-02-01 10:08:36] send: LockScanResource
[INFO] [2021-02-01 10:08:36] status:  e_Success
[INFO] [2021-02-01 10:08:36] recv: LockScanResource
[INFO] [2021-02-01 10:08:36] status:  e_Success
[INFO] [2021-02-01 10:08:36] send: SetDefaultScanJobSettings
[INFO] [2021-02-01 10:08:36] status:  e_Success
[INFO] [2021-02-01 10:08:36] recv: SetDefaultScanJobSettings
[INFO] [2021-02-01 10:08:36] status:  e_Success
[INFO] [2021-02-01 10:08:36] send: GetScanJobSettings
[INFO] [2021-02-01 10:08:36] status:  e_Success
[INFO] [2021-02-01 10:08:36] recv: GetScanJobSettings
[INFO] [2021-02-01 10:08:36] status:  e_Success
[INFO] [2021-02-01 10:08:36] send: SetScanJobSettings
[INFO] [2021-02-01 10:08:36] status:  e_Success
[INFO] [2021-02-01 10:08:36] recv: SetScanJobSettings
[INFO] [2021-02-01 10:08:36] status:  e_Success
[INFO] [2021-02-01 10:08:36] send: StartScanJob
[INFO] [2021-02-01 10:08:36] status:  e_Success
[INFO] [2021-02-01 10:08:36] recv: StartScanJob
[INFO] [2021-02-01 10:08:36] status:  e_Success
[INFO] [2021-02-01 10:08:36] recv: StartJob
[INFO] [2021-02-01 10:08:36] status:  e_Success
[INFO] [2021-02-01 10:08:39] Thread exited, id : -899041536
[INFO] [2021-02-01 10:10:34]  Run Start!!!
[INFO] [2021-02-01 10:10:34] send: LockScanResource
[INFO] [2021-02-01 10:10:34] status:  e_Success
[INFO] [2021-02-01 10:10:34] recv: StartSheet
[INFO] [2021-02-01 10:10:34] status:  e_Success
[INFO] [2021-02-01 10:10:34] send: SetDefaultScanJobSettings
[INFO] [2021-02-01 10:10:34] status:  e_Success
[INFO] [2021-02-01 10:10:34] recv: LockScanResource
[ERROR] [2021-02-01 10:10:34] e_Fail
[INFO] [2021-02-01 10:10:34] send: GetScanJobSettings
[INFO] [2021-02-01 10:10:34] status:  e_Success
[INFO] [2021-02-01 10:10:34] recv: SetDefaultScanJobSettings
[INFO] [2021-02-01 10:10:34] status:  e_Success
[INFO] [2021-02-01 10:10:34] recv: GetScanJobSettings
[INFO] [2021-02-01 10:10:34] status:  e_Success
[INFO] [2021-02-01 10:10:34] send: SetScanJobSettings
[INFO] [2021-02-01 10:10:34] status:  e_Success
[INFO] [2021-02-01 10:10:34] send: GetScanJobSettings
[INFO] [2021-02-01 10:10:34] status:  e_Success
[INFO] [2021-02-01 10:10:35] send: StartScanJob
[INFO] [2021-02-01 10:10:35] status:  e_Success
[INFO] [2021-02-01 10:10:35] recv: SetScanJobSettings
[ERROR] [2021-02-01 10:10:35] e_Fail
[INFO] [2021-02-01 10:10:35] recv: StartScanJob
[ERROR] [2021-02-01 10:10:35] e_Fail
[INFO] [2021-02-01 10:10:56]  Run Start!!!
[INFO] [2021-02-01 10:10:56] send: LockScanResource
[INFO] [2021-02-01 10:10:56] status:  e_Success
[INFO] [2021-02-01 10:10:56] recv: LockScanResource
[INFO] [2021-02-01 10:10:56] status:  e_Success
[INFO] [2021-02-01 10:10:56] send: SetDefaultScanJobSettings
[INFO] [2021-02-01 10:10:56] status:  e_Success
[INFO] [2021-02-01 10:10:56] recv: SetDefaultScanJobSettings
[INFO] [2021-02-01 10:10:56] status:  e_Success
[INFO] [2021-02-01 10:10:56] send: GetScanJobSettings
[INFO] [2021-02-01 10:10:56] status:  e_Success
[INFO] [2021-02-01 10:10:56] recv: GetScanJobSettings
[INFO] [2021-02-01 10:10:56] status:  e_Success
[INFO] [2021-02-01 10:10:56] send: SetScanJobSettings
[INFO] [2021-02-01 10:10:56] status:  e_Success
[INFO] [2021-02-01 10:10:56] recv: SetScanJobSettings
[INFO] [2021-02-01 10:10:56] status:  e_Success
[INFO] [2021-02-01 10:10:56] send: StartScanJob
[INFO] [2021-02-01 10:10:56] status:  e_Success
[INFO] [2021-02-01 10:10:56] recv: StartScanJob
[INFO] [2021-02-01 10:10:56] status:  e_Success
[INFO] [2021-02-01 10:10:56] recv: StartJob
[INFO] [2021-02-01 10:10:56] status:  e_Success
[INFO] [2021-02-01 10:10:59] recv: StartSheet
[INFO] [2021-02-01 10:10:59] status:  e_Success
[INFO] [2021-02-01 10:10:59] recv: StartPage
[INFO] [2021-02-01 10:10:59] status:  e_Success
[INFO] [2021-02-01 10:11:07] recv: EndPage
[INFO] [2021-02-01 10:11:07] status:  e_Success
[INFO] [2021-02-01 10:11:07] recv: EndSheet
[INFO] [2021-02-01 10:11:07] status:  e_Success
[INFO] [2021-02-01 10:11:07] recv: EndJob
[INFO] [2021-02-01 10:11:07] status:  e_Success
[INFO] [2021-02-01 10:11:07] send: ReleaseScanResource
[INFO] [2021-02-01 10:11:07] status:  e_Success
[INFO] [2021-02-01 10:11:07] recv: ReleaseScanResource
[INFO] [2021-02-01 10:11:07] status:  e_Success
[INFO] [2021-02-01 10:26:58]  Run Start!!!
[INFO] [2021-02-01 10:26:58] send: LockScanResource
[INFO] [2021-02-01 10:26:58] status:  e_Success
[INFO] [2021-02-01 10:26:58] recv: LockScanResource
[INFO] [2021-02-01 10:26:58] status:  e_Success
[INFO] [2021-02-01 10:26:58] send: SetDefaultScanJobSettings
[INFO] [2021-02-01 10:26:58] status:  e_Success
[INFO] [2021-02-01 10:26:58] recv: SetDefaultScanJobSettings
[INFO] [2021-02-01 10:26:58] status:  e_Success
[INFO] [2021-02-01 10:26:58] send: GetScanJobSettings
[INFO] [2021-02-01 10:26:58] status:  e_Success
[INFO] [2021-02-01 10:26:59] recv: GetScanJobSettings
[INFO] [2021-02-01 10:26:59] status:  e_Success
[INFO] [2021-02-01 10:26:59] send: SetScanJobSettings
[INFO] [2021-02-01 10:26:59] status:  e_Success
[INFO] [2021-02-01 10:26:59] recv: SetScanJobSettings
[INFO] [2021-02-01 10:26:59] status:  e_Success
[INFO] [2021-02-01 10:26:59] send: StartScanJob
[INFO] [2021-02-01 10:26:59] status:  e_Success
[INFO] [2021-02-01 10:26:59] recv: StartScanJob
[INFO] [2021-02-01 10:26:59] status:  e_Success
[INFO] [2021-02-01 10:26:59] recv: StartJob
[INFO] [2021-02-01 10:26:59] status:  e_Success
[INFO] [2021-02-01 10:27:00] Thread exited, id : 2074351360
[INFO] [2021-02-01 10:27:00] send: CancelScanJob
[INFO] [2021-02-01 10:27:00] status:  e_Success
[INFO] [2021-02-01 13:45:40]  Run Start!!!
